<?xml version="1.0" encoding="UTF-8"?>
<!-- Generated by org.testng.reporters.JUnitReportReporter -->
<testsuite skipped="0" hostname="DESKTOP-MBIAPM8" name="com.training.sanity.tests.RTTC_020" tests="1" failures="0" timestamp="26 Nov 2019 13:06:35 GMT" time="35.863" errors="0">
  <testcase name="validLoginTest" time="35.863" classname="com.training.sanity.tests.RTTC_020"/>
</testsuite> <!-- com.training.sanity.tests.RTTC_020 -->
