<?xml version="1.0" encoding="UTF-8"?>
<!-- Generated by org.testng.reporters.JUnitReportReporter -->
<testsuite skipped="0" hostname="DESKTOP-MBIAPM8" name="com.training.sanity.tests.RETC_087" tests="1" failures="0" timestamp="04 Dec 2019 14:16:38 GMT" time="43.838" errors="0">
  <testcase name="validLoginTest" time="43.838" classname="com.training.sanity.tests.RETC_087"/>
</testsuite> <!-- com.training.sanity.tests.RETC_087 -->
