<?xml version="1.0" encoding="UTF-8"?>
<!-- Generated by org.testng.reporters.JUnitReportReporter -->
<testsuite skipped="0" hostname="DESKTOP-MBIAPM8" name="com.training.regression.tests.LoginXLSTest" tests="2" failures="0" timestamp="04 Dec 2019 13:54:51 GMT" time="20.072" errors="0">
  <testcase name="loginDBTest" time="10.647" classname="com.training.regression.tests.LoginXLSTest"/>
  <testcase name="loginDBTest" time="9.425" classname="com.training.regression.tests.LoginXLSTest"/>
</testsuite> <!-- com.training.regression.tests.LoginXLSTest -->
