<?xml version="1.0" encoding="UTF-8"?>
<!-- Generated by org.testng.reporters.JUnitReportReporter -->
<testsuite skipped="0" hostname="DESKTOP-MBIAPM8" name="com.training.sanity.tests.RTTC_022" tests="1" failures="0" timestamp="26 Nov 2019 14:19:20 GMT" time="38.286" errors="0">
  <testcase name="validLoginTest" time="38.286" classname="com.training.sanity.tests.RTTC_022"/>
</testsuite> <!-- com.training.sanity.tests.RTTC_022 -->
