<?xml version="1.0" encoding="UTF-8"?>
<!-- Generated by org.testng.reporters.JUnitReportReporter -->
<testsuite skipped="0" hostname="DESKTOP-MBIAPM8" name="com.training.sanity.tests.RTTC_021" tests="1" failures="0" timestamp="26 Nov 2019 13:48:42 GMT" time="33.023" errors="0">
  <testcase name="validLoginTest" time="33.023" classname="com.training.sanity.tests.RTTC_021"/>
</testsuite> <!-- com.training.sanity.tests.RTTC_021 -->
