<?xml version="1.0" encoding="UTF-8"?>
<!-- Generated by org.testng.reporters.JUnitReportReporter -->
<testsuite skipped="0" hostname="DESKTOP-MBIAPM8" name="com.training.sanity.tests.RETC_090" tests="1" failures="0" timestamp="05 Dec 2019 15:36:00 GMT" time="261.778" errors="0">
  <testcase name="validLoginTest" time="261.778" classname="com.training.sanity.tests.RETC_090"/>
</testsuite> <!-- com.training.sanity.tests.RETC_090 -->
