<?xml version="1.0" encoding="UTF-8"?>
<!-- Generated by org.testng.reporters.JUnitReportReporter -->
<testsuite skipped="0" hostname="DESKTOP-MBIAPM8" name="com.training.sanity.tests.LoginTests" tests="1" failures="0" timestamp="22 Nov 2019 12:55:21 GMT" time="13.905" errors="0">
  <testcase name="validLoginTest" time="13.905" classname="com.training.sanity.tests.LoginTests"/>
</testsuite> <!-- com.training.sanity.tests.LoginTests -->
