<?xml version="1.0" encoding="UTF-8"?>
<!-- Generated by org.testng.reporters.JUnitReportReporter -->
<testsuite skipped="0" hostname="DESKTOP-MBIAPM8" name="com.training.sanity.tests.RETC_089" tests="1" failures="0" timestamp="05 Dec 2019 14:16:58 GMT" time="77.408" errors="0">
  <testcase name="validLoginTest" time="77.408" classname="com.training.sanity.tests.RETC_089"/>
</testsuite> <!-- com.training.sanity.tests.RETC_089 -->
