<?xml version="1.0" encoding="UTF-8"?>
<!-- Generated by org.testng.reporters.JUnitReportReporter -->
<testsuite skipped="0" hostname="DESKTOP-MBIAPM8" name="com.training.sanity.tests.RETC_088" tests="1" failures="0" timestamp="04 Dec 2019 14:47:18 GMT" time="73.329" errors="0">
  <testcase name="validLoginTest" time="73.329" classname="com.training.sanity.tests.RETC_088"/>
</testsuite> <!-- com.training.sanity.tests.RETC_088 -->
